0 info it worked if it ends with ok
1 verbose cli [ 'F:\\Program Files\\nodejs\\node.exe',
1 verbose cli   'C:\\Users\\VINODH\\AppData\\Roaming\\npm\\node_modules\\npm\\bin\\npm-cli.js',
1 verbose cli   'install',
1 verbose cli   'oracle',
1 verbose cli   '--save' ]
2 info using npm@4.1.2
3 info using node@v6.9.3
4 silly loadCurrentTree Starting
5 silly install loadCurrentTree
6 silly install readLocalPackageData
7 silly fetchPackageMetaData oracle
8 silly fetchNamedPackageData oracle
9 silly mapToRegistry name oracle
10 silly mapToRegistry using default registry
11 silly mapToRegistry registry https://registry.npmjs.org/
12 silly mapToRegistry data Result {
12 silly mapToRegistry   raw: 'oracle',
12 silly mapToRegistry   scope: null,
12 silly mapToRegistry   escapedName: 'oracle',
12 silly mapToRegistry   name: 'oracle',
12 silly mapToRegistry   rawSpec: '',
12 silly mapToRegistry   spec: 'latest',
12 silly mapToRegistry   type: 'tag' }
13 silly mapToRegistry uri https://registry.npmjs.org/oracle
14 verbose request uri https://registry.npmjs.org/oracle
15 verbose request no auth needed
16 info attempt registry request try #1 at 4:11:35 PM
17 verbose request id 7f0b2eaef9dcbb6f
18 http request GET https://registry.npmjs.org/oracle
19 http 200 https://registry.npmjs.org/oracle
20 verbose headers { server: 'nginx/1.10.1',
20 verbose headers   'content-type': 'application/json',
20 verbose headers   'last-modified': 'Tue, 20 Dec 2016 23:27:33 GMT',
20 verbose headers   etag: 'W/"5859be65-4919"',
20 verbose headers   'content-encoding': 'gzip',
20 verbose headers   'cache-control': 'max-age=300',
20 verbose headers   'content-length': '2424',
20 verbose headers   'accept-ranges': 'bytes',
20 verbose headers   date: 'Thu, 20 Jul 2017 20:11:35 GMT',
20 verbose headers   via: '1.1 varnish',
20 verbose headers   age: '0',
20 verbose headers   connection: 'keep-alive',
20 verbose headers   'x-served-by': 'cache-iad2643-IAD',
20 verbose headers   'x-cache': 'MISS',
20 verbose headers   'x-cache-hits': '0',
20 verbose headers   'x-timer': 'S1500581496.780991,VS0,VE52',
20 verbose headers   vary: 'Accept-Encoding, Accept' }
21 silly get cb [ 200,
21 silly get   { server: 'nginx/1.10.1',
21 silly get     'content-type': 'application/json',
21 silly get     'last-modified': 'Tue, 20 Dec 2016 23:27:33 GMT',
21 silly get     etag: 'W/"5859be65-4919"',
21 silly get     'content-encoding': 'gzip',
21 silly get     'cache-control': 'max-age=300',
21 silly get     'content-length': '2424',
21 silly get     'accept-ranges': 'bytes',
21 silly get     date: 'Thu, 20 Jul 2017 20:11:35 GMT',
21 silly get     via: '1.1 varnish',
21 silly get     age: '0',
21 silly get     connection: 'keep-alive',
21 silly get     'x-served-by': 'cache-iad2643-IAD',
21 silly get     'x-cache': 'MISS',
21 silly get     'x-cache-hits': '0',
21 silly get     'x-timer': 'S1500581496.780991,VS0,VE52',
21 silly get     vary: 'Accept-Encoding, Accept' } ]
22 verbose get saving oracle to C:\Users\VINODH\AppData\Roaming\npm-cache\registry.npmjs.org\oracle\.cache.json
23 verbose correctMkdir C:\Users\VINODH\AppData\Roaming\npm-cache correctMkdir not in flight; initializing
24 silly install normalizeTree
25 silly loadCurrentTree Finishing
26 silly loadIdealTree Starting
27 silly install loadIdealTree
28 silly cloneCurrentTree Starting
29 silly install cloneCurrentTreeToIdealTree
30 silly cloneCurrentTree Finishing
31 silly loadShrinkwrap Starting
32 silly install loadShrinkwrap
33 silly loadShrinkwrap Finishing
34 silly loadAllDepsIntoIdealTree Starting
35 silly install loadAllDepsIntoIdealTree
36 silly resolveWithNewModule oracle@0.4.1 checking installable status
37 silly cache add args [ 'oracle', null ]
38 verbose cache add spec oracle
39 silly cache add parsed spec Result {
39 silly cache add   raw: 'oracle',
39 silly cache add   scope: null,
39 silly cache add   escapedName: 'oracle',
39 silly cache add   name: 'oracle',
39 silly cache add   rawSpec: '',
39 silly cache add   spec: 'latest',
39 silly cache add   type: 'tag' }
40 silly addNamed oracle@latest
41 verbose addNamed "latest" is being treated as a dist-tag for oracle
42 info addNameTag [ 'oracle', 'latest' ]
43 silly mapToRegistry name oracle
44 silly mapToRegistry using default registry
45 silly mapToRegistry registry https://registry.npmjs.org/
46 silly mapToRegistry data Result {
46 silly mapToRegistry   raw: 'oracle',
46 silly mapToRegistry   scope: null,
46 silly mapToRegistry   escapedName: 'oracle',
46 silly mapToRegistry   name: 'oracle',
46 silly mapToRegistry   rawSpec: '',
46 silly mapToRegistry   spec: 'latest',
46 silly mapToRegistry   type: 'tag' }
47 silly mapToRegistry uri https://registry.npmjs.org/oracle
48 verbose addNameTag registry:https://registry.npmjs.org/oracle not in flight; fetching
49 verbose get https://registry.npmjs.org/oracle not expired, no request
50 silly addNameTag next cb for oracle with tag latest
51 silly addNamed oracle@0.4.1
52 verbose addNamed "0.4.1" is a plain semver version for oracle
53 silly mapToRegistry name oracle
54 silly mapToRegistry using default registry
55 silly mapToRegistry registry https://registry.npmjs.org/
56 silly mapToRegistry data Result {
56 silly mapToRegistry   raw: 'oracle',
56 silly mapToRegistry   scope: null,
56 silly mapToRegistry   escapedName: 'oracle',
56 silly mapToRegistry   name: 'oracle',
56 silly mapToRegistry   rawSpec: '',
56 silly mapToRegistry   spec: 'latest',
56 silly mapToRegistry   type: 'tag' }
57 silly mapToRegistry uri https://registry.npmjs.org/oracle
58 verbose addRemoteTarball https://registry.npmjs.org/oracle/-/oracle-0.4.1.tgz not in flight; adding
59 verbose addRemoteTarball [ 'https://registry.npmjs.org/oracle/-/oracle-0.4.1.tgz',
59 verbose addRemoteTarball   'e25729c291a707f899314606c861280978451aad' ]
60 info retry fetch attempt 1 at 4:11:35 PM
61 info attempt registry request try #1 at 4:11:35 PM
62 http fetch GET https://registry.npmjs.org/oracle/-/oracle-0.4.1.tgz
63 http fetch 200 https://registry.npmjs.org/oracle/-/oracle-0.4.1.tgz
64 silly fetchAndShaCheck shasum e25729c291a707f899314606c861280978451aad
65 verbose addTmpTarball C:\Users\VINODH\AppData\Local\Temp\npm-11192-ac052255\registry.npmjs.org\oracle\-\oracle-0.4.1.tgz not in flight; adding
66 verbose addTmpTarball already have metadata; skipping unpack for oracle@0.4.1
67 verbose correctMkdir C:\Users\VINODH\AppData\Roaming\npm-cache correctMkdir not in flight; initializing
68 silly cache afterAdd oracle@0.4.1
69 verbose afterAdd C:\Users\VINODH\AppData\Roaming\npm-cache\oracle\0.4.1\package\package.json not in flight; writing
70 verbose correctMkdir C:\Users\VINODH\AppData\Roaming\npm-cache correctMkdir not in flight; initializing
71 verbose afterAdd C:\Users\VINODH\AppData\Roaming\npm-cache\oracle\0.4.1\package\package.json written
72 silly fetchNamedPackageData fsevents
73 silly mapToRegistry name fsevents
74 silly mapToRegistry using default registry
75 silly mapToRegistry registry https://registry.npmjs.org/
76 silly mapToRegistry data Result {
76 silly mapToRegistry   raw: 'fsevents',
76 silly mapToRegistry   scope: null,
76 silly mapToRegistry   escapedName: 'fsevents',
76 silly mapToRegistry   name: 'fsevents',
76 silly mapToRegistry   rawSpec: '',
76 silly mapToRegistry   spec: 'latest',
76 silly mapToRegistry   type: 'tag' }
77 silly mapToRegistry uri https://registry.npmjs.org/fsevents
78 verbose request uri https://registry.npmjs.org/fsevents
79 verbose request no auth needed
80 info attempt registry request try #1 at 4:11:36 PM
81 verbose etag W/"595a4ef8-dcd1"
82 verbose lastModified Mon, 03 Jul 2017 14:04:40 GMT
83 http request GET https://registry.npmjs.org/fsevents
84 http 304 https://registry.npmjs.org/fsevents
85 verbose headers { date: 'Thu, 20 Jul 2017 20:11:36 GMT',
85 verbose headers   via: '1.1 varnish',
85 verbose headers   'cache-control': 'max-age=300',
85 verbose headers   etag: 'W/"595a4ef8-dcd1"',
85 verbose headers   age: '118',
85 verbose headers   connection: 'keep-alive',
85 verbose headers   'x-served-by': 'cache-iad2643-IAD',
85 verbose headers   'x-cache': 'HIT',
85 verbose headers   'x-cache-hits': '5',
85 verbose headers   'x-timer': 'S1500581497.637172,VS0,VE0',
85 verbose headers   vary: 'Accept-Encoding' }
86 silly get cb [ 304,
86 silly get   { date: 'Thu, 20 Jul 2017 20:11:36 GMT',
86 silly get     via: '1.1 varnish',
86 silly get     'cache-control': 'max-age=300',
86 silly get     etag: 'W/"595a4ef8-dcd1"',
86 silly get     age: '118',
86 silly get     connection: 'keep-alive',
86 silly get     'x-served-by': 'cache-iad2643-IAD',
86 silly get     'x-cache': 'HIT',
86 silly get     'x-cache-hits': '5',
86 silly get     'x-timer': 'S1500581497.637172,VS0,VE0',
86 silly get     vary: 'Accept-Encoding' } ]
87 verbose etag https://registry.npmjs.org/fsevents from cache
88 verbose get saving fsevents to C:\Users\VINODH\AppData\Roaming\npm-cache\registry.npmjs.org\fsevents\.cache.json
89 verbose correctMkdir C:\Users\VINODH\AppData\Roaming\npm-cache correctMkdir not in flight; initializing
90 silly pickManifestFromRegistryMetadata spec >=1.0.0 <2.0.0 tag latest versions [ '0.1.1',
90 silly pickManifestFromRegistryMetadata   '0.1.3',
90 silly pickManifestFromRegistryMetadata   '0.1.4',
90 silly pickManifestFromRegistryMetadata   '0.1.5',
90 silly pickManifestFromRegistryMetadata   '0.1.6',
90 silly pickManifestFromRegistryMetadata   '0.2.0',
90 silly pickManifestFromRegistryMetadata   '0.3.0',
90 silly pickManifestFromRegistryMetadata   '0.3.1',
90 silly pickManifestFromRegistryMetadata   '0.3.2',
90 silly pickManifestFromRegistryMetadata   '0.3.3',
90 silly pickManifestFromRegistryMetadata   '0.3.4',
90 silly pickManifestFromRegistryMetadata   '0.3.5',
90 silly pickManifestFromRegistryMetadata   '0.3.6',
90 silly pickManifestFromRegistryMetadata   '0.3.7',
90 silly pickManifestFromRegistryMetadata   '0.3.8',
90 silly pickManifestFromRegistryMetadata   '1.0.0',
90 silly pickManifestFromRegistryMetadata   '1.0.1',
90 silly pickManifestFromRegistryMetadata   '1.0.2',
90 silly pickManifestFromRegistryMetadata   '1.0.3',
90 silly pickManifestFromRegistryMetadata   '1.0.4',
90 silly pickManifestFromRegistryMetadata   '1.0.5',
90 silly pickManifestFromRegistryMetadata   '1.0.6',
90 silly pickManifestFromRegistryMetadata   '1.0.7',
90 silly pickManifestFromRegistryMetadata   '1.0.8',
90 silly pickManifestFromRegistryMetadata   '1.0.9',
90 silly pickManifestFromRegistryMetadata   '1.0.10',
90 silly pickManifestFromRegistryMetadata   '1.0.11',
90 silly pickManifestFromRegistryMetadata   '1.0.12',
90 silly pickManifestFromRegistryMetadata   '1.0.14',
90 silly pickManifestFromRegistryMetadata   '1.0.15',
90 silly pickManifestFromRegistryMetadata   '1.0.17',
90 silly pickManifestFromRegistryMetadata   '1.0.18-0',
90 silly pickManifestFromRegistryMetadata   '1.1.0',
90 silly pickManifestFromRegistryMetadata   '1.1.1',
90 silly pickManifestFromRegistryMetadata   '1.1.2' ]
91 silly resolveWithNewModule fsevents@1.1.2 checking installable status
92 silly loadAllDepsIntoIdealTree Finishing
93 silly loadIdealTree Finishing
94 silly currentTree Manubolu Hospitals
94 silly currentTree +-- @types/bluebird@3.0.37
94 silly currentTree +-- @types/express-serve-static-core@4.0.45
94 silly currentTree +-- @types/express@4.0.35
94 silly currentTree +-- @types/mime@0.0.29
94 silly currentTree +-- @types/node@7.0.22
94 silly currentTree +-- @types/serve-static@1.7.31
94 silly currentTree +-- abbrev@1.1.0
94 silly currentTree +-- accepts@1.3.3
94 silly currentTree +-- acorn-globals@1.0.9
94 silly currentTree +-- acorn@2.7.0
94 silly currentTree +-- ajv@4.11.8
94 silly currentTree +-- align-text@0.1.4
94 silly currentTree +-- amdefine@1.0.1
94 silly currentTree +-- ansi-regex@2.1.1
94 silly currentTree +-- ansi-styles@2.2.1
94 silly currentTree +-- anymatch@1.3.0
94 silly currentTree +-- arr-diff@2.0.0
94 silly currentTree +-- arr-flatten@1.0.3
94 silly currentTree +-- array-flatten@1.1.1
94 silly currentTree +-- array-unique@0.2.1
94 silly currentTree +-- arrify@1.0.1
94 silly currentTree +-- asap@1.0.0
94 silly currentTree +-- asn1@0.2.3
94 silly currentTree +-- assert-plus@0.2.0
94 silly currentTree +-- assert@1.4.1
94 silly currentTree +-- async-each@1.0.1
94 silly currentTree +-- async@2.1.4
94 silly currentTree +-- asynckit@0.4.0
94 silly currentTree +-- aws-sign2@0.6.0
94 silly currentTree +-- aws4@1.6.0
94 silly currentTree +-- balanced-match@0.4.2
94 silly currentTree +-- base64url@2.0.0
94 silly currentTree +-- bcrypt-pbkdf@1.0.1
94 silly currentTree +-- bignumber.js@3.1.2
94 silly currentTree +-- binary-extensions@1.8.0
94 silly currentTree +-- bluebird@2.10.2
94 silly currentTree +-- body-parser@1.17.2
94 silly currentTree +-- boom@2.10.1
94 silly currentTree +-- brace-expansion@1.1.7
94 silly currentTree +-- braces@1.8.5
94 silly currentTree +-- bson@1.0.4
94 silly currentTree +-- buffer-equal-constant-time@1.0.1
94 silly currentTree +-- buffer-shims@1.0.0
94 silly currentTree +-- bytes@2.4.0
94 silly currentTree +-- camelcase@1.2.1
94 silly currentTree +-- caseless@0.12.0
94 silly currentTree +-- center-align@0.1.3
94 silly currentTree +-- chalk@1.1.3
94 silly currentTree +-- character-parser@1.2.1
94 silly currentTree +-- chokidar@1.7.0
94 silly currentTree +-- clean-css@3.4.26
94 silly currentTree | `-- commander@2.8.1
94 silly currentTree +-- cliui@2.1.0
94 silly currentTree | `-- wordwrap@0.0.2
94 silly currentTree +-- co@4.6.0
94 silly currentTree +-- combined-stream@1.0.5
94 silly currentTree +-- commander@2.6.0
94 silly currentTree +-- concat-map@0.0.1
94 silly currentTree +-- configstore@1.4.0
94 silly currentTree +-- connect-flash@0.1.1
94 silly currentTree +-- constantinople@3.0.2
94 silly currentTree +-- content-disposition@0.5.2
94 silly currentTree +-- content-type@1.0.2
94 silly currentTree +-- cookie-parser@1.4.3
94 silly currentTree +-- cookie-signature@1.0.6
94 silly currentTree +-- cookie@0.3.1
94 silly currentTree +-- core-util-is@1.0.2
94 silly currentTree +-- crc@3.4.4
94 silly currentTree +-- cryptiles@2.0.5
94 silly currentTree +-- css-parse@1.0.4
94 silly currentTree +-- css-stringify@1.0.5
94 silly currentTree +-- css@1.0.8
94 silly currentTree +-- dashdash@1.14.1
94 silly currentTree | `-- assert-plus@1.0.0
94 silly currentTree +-- debug@2.6.7
94 silly currentTree +-- decamelize@1.2.0
94 silly currentTree +-- deep-extend@0.4.2
94 silly currentTree +-- delayed-stream@1.0.0
94 silly currentTree +-- depd@1.1.0
94 silly currentTree +-- deprecate@1.0.0
94 silly currentTree +-- destroy@1.0.4
94 silly currentTree +-- duplexer@0.1.1
94 silly currentTree +-- duplexify@3.5.0
94 silly currentTree +-- ecc-jsbn@0.1.1
94 silly currentTree +-- ecdsa-sig-formatter@1.0.9
94 silly currentTree +-- ee-first@1.1.1
94 silly currentTree +-- ejs@2.5.6
94 silly currentTree +-- encodeurl@1.0.1
94 silly currentTree +-- end-of-stream@1.0.0
94 silly currentTree | `-- once@1.3.3
94 silly currentTree +-- es6-promise@3.3.1
94 silly currentTree +-- escape-html@1.0.3
94 silly currentTree +-- escape-string-regexp@1.0.5
94 silly currentTree +-- etag@1.8.0
94 silly currentTree +-- event-stream@3.3.4
94 silly currentTree +-- expand-brackets@0.1.5
94 silly currentTree +-- expand-range@1.8.2
94 silly currentTree +-- express-session@1.15.3
94 silly currentTree +-- express-stylus@0.1.0
94 silly currentTree | +-- css-parse@1.7.0
94 silly currentTree | +-- glob@3.2.11
94 silly currentTree | +-- minimatch@0.3.0
94 silly currentTree | +-- source-map@0.1.43
94 silly currentTree | `-- stylus@0.52.4
94 silly currentTree +-- express-validator@3.2.0
94 silly currentTree | `-- bluebird@3.5.0
94 silly currentTree +-- express@4.15.3
94 silly currentTree +-- extend@3.0.1
94 silly currentTree +-- extglob@0.3.2
94 silly currentTree +-- extsprintf@1.0.2
94 silly currentTree +-- filename-regex@2.0.1
94 silly currentTree +-- fill-range@2.2.3
94 silly currentTree +-- finalhandler@1.0.3
94 silly currentTree +-- for-in@1.0.2
94 silly currentTree +-- for-own@0.1.5
94 silly currentTree +-- forever-agent@0.6.1
94 silly currentTree +-- form-data@2.1.4
94 silly currentTree +-- forwarded@0.1.0
94 silly currentTree +-- fresh@0.5.0
94 silly currentTree +-- from@0.1.7
94 silly currentTree +-- fs.realpath@1.0.0
94 silly currentTree +-- getpass@0.1.7
94 silly currentTree | `-- assert-plus@1.0.0
94 silly currentTree +-- glob-base@0.3.0
94 silly currentTree +-- glob-parent@2.0.0
94 silly currentTree +-- glob@7.0.6
94 silly currentTree +-- got@3.3.1
94 silly currentTree | `-- object-assign@3.0.0
94 silly currentTree +-- graceful-fs@4.1.11
94 silly currentTree +-- graceful-readlink@1.0.1
94 silly currentTree +-- har-schema@1.0.5
94 silly currentTree +-- har-validator@4.2.1
94 silly currentTree +-- has-ansi@2.0.0
94 silly currentTree +-- hawk@3.1.3
94 silly currentTree +-- hoek@2.16.3
94 silly currentTree +-- hooks-fixed@2.0.0
94 silly currentTree +-- http-errors@1.6.1
94 silly currentTree +-- http-signature@1.1.1
94 silly currentTree +-- http@0.0.0
94 silly currentTree +-- iconv-lite@0.4.15
94 silly currentTree +-- ignore-by-default@1.0.1
94 silly currentTree +-- imurmurhash@0.1.4
94 silly currentTree +-- infinity-agent@2.0.3
94 silly currentTree +-- inflight@1.0.6
94 silly currentTree +-- inherits@2.0.3
94 silly currentTree +-- ini@1.3.4
94 silly currentTree +-- ipaddr.js@1.3.0
94 silly currentTree +-- is-binary-path@1.0.1
94 silly currentTree +-- is-buffer@1.1.5
94 silly currentTree +-- is-dotfile@1.0.2
94 silly currentTree +-- is-equal-shallow@0.1.3
94 silly currentTree +-- is-extendable@0.1.1
94 silly currentTree +-- is-extglob@1.0.0
94 silly currentTree +-- is-finite@1.0.2
94 silly currentTree +-- is-glob@2.0.1
94 silly currentTree +-- is-npm@1.0.0
94 silly currentTree +-- is-number@2.1.0
94 silly currentTree +-- is-posix-bracket@0.1.1
94 silly currentTree +-- is-primitive@2.0.0
94 silly currentTree +-- is-promise@2.1.0
94 silly currentTree +-- is-redirect@1.0.0
94 silly currentTree +-- is-stream@1.1.0
94 silly currentTree +-- is-typedarray@1.0.0
94 silly currentTree +-- isarray@1.0.0
94 silly currentTree +-- isemail@1.2.0
94 silly currentTree +-- isobject@2.1.0
94 silly currentTree +-- isstream@0.1.2
94 silly currentTree +-- jade@1.11.0
94 silly currentTree +-- joi@6.10.1
94 silly currentTree +-- jsbn@0.1.1
94 silly currentTree +-- json-schema@0.2.3
94 silly currentTree +-- json-stable-stringify@1.0.1
94 silly currentTree +-- json-stringify-safe@5.0.1
94 silly currentTree +-- jsonify@0.0.0
94 silly currentTree +-- jsonwebtoken@7.4.1
94 silly currentTree +-- jsprim@1.4.0
94 silly currentTree | `-- assert-plus@1.0.0
94 silly currentTree +-- jstransformer@0.0.2
94 silly currentTree +-- jwa@1.1.5
94 silly currentTree +-- jws@3.1.4
94 silly currentTree +-- kareem@1.4.1
94 silly currentTree +-- kind-of@3.2.2
94 silly currentTree +-- latest-version@1.0.1
94 silly currentTree +-- lazy-cache@1.0.4
94 silly currentTree +-- lodash._baseassign@3.2.0
94 silly currentTree +-- lodash._basecopy@3.0.1
94 silly currentTree +-- lodash._bindcallback@3.0.1
94 silly currentTree +-- lodash._createassigner@3.1.1
94 silly currentTree +-- lodash._getnative@3.9.1
94 silly currentTree +-- lodash._isiterateecall@3.0.9
94 silly currentTree +-- lodash.assign@3.2.0
94 silly currentTree +-- lodash.defaults@3.1.2
94 silly currentTree +-- lodash.isarguments@3.1.0
94 silly currentTree +-- lodash.isarray@3.0.4
94 silly currentTree +-- lodash.keys@3.1.2
94 silly currentTree +-- lodash.once@4.1.1
94 silly currentTree +-- lodash.restparam@3.6.1
94 silly currentTree +-- lodash@4.17.4
94 silly currentTree +-- longest@1.0.1
94 silly currentTree +-- lowercase-keys@1.0.0
94 silly currentTree +-- lru-cache@2.7.3
94 silly currentTree +-- map-stream@0.1.0
94 silly currentTree +-- media-typer@0.3.0
94 silly currentTree +-- merge-descriptors@1.0.1
94 silly currentTree +-- methods@1.1.2
94 silly currentTree +-- micromatch@2.3.11
94 silly currentTree +-- mime-db@1.27.0
94 silly currentTree +-- mime-types@2.1.15
94 silly currentTree +-- mime@1.3.4
94 silly currentTree +-- minimatch@3.0.4
94 silly currentTree +-- minimist@0.0.8
94 silly currentTree +-- mkdirp@0.5.1
94 silly currentTree +-- moment@2.18.1
94 silly currentTree +-- mongodb-core@2.1.11
94 silly currentTree +-- mongodb@2.2.27
94 silly currentTree | +-- es6-promise@3.2.1
94 silly currentTree | `-- readable-stream@2.2.7
94 silly currentTree +-- mongoose@4.10.2
94 silly currentTree | +-- es6-promise@3.2.1
94 silly currentTree | +-- mongodb-core@2.1.10
94 silly currentTree | +-- mongodb@2.2.26
94 silly currentTree | `-- readable-stream@2.2.7
94 silly currentTree +-- mpath@0.2.1
94 silly currentTree +-- mpromise@0.5.5
94 silly currentTree +-- mquery@2.3.1
94 silly currentTree | +-- debug@2.6.8
94 silly currentTree | `-- sliced@0.0.5
94 silly currentTree +-- ms@2.0.0
94 silly currentTree +-- muri@1.2.1
94 silly currentTree +-- mysql@2.13.0
94 silly currentTree | +-- isarray@0.0.1
94 silly currentTree | +-- readable-stream@1.1.14
94 silly currentTree | `-- string_decoder@0.10.31
94 silly currentTree +-- negotiator@0.6.1
94 silly currentTree +-- nested-error-stacks@1.0.2
94 silly currentTree +-- nib@1.1.2
94 silly currentTree +-- nid@0.3.2
94 silly currentTree +-- nodemailer@4.0.1
94 silly currentTree +-- nodemon@1.11.0
94 silly currentTree +-- nopt@1.0.10
94 silly currentTree +-- normalize-path@2.1.1
94 silly currentTree +-- number-is-nan@1.0.1
94 silly currentTree +-- oauth-sign@0.8.2
94 silly currentTree +-- object-assign@4.1.1
94 silly currentTree +-- object.omit@2.0.1
94 silly currentTree +-- on-finished@2.3.0
94 silly currentTree +-- on-headers@1.0.1
94 silly currentTree +-- once@1.4.0
94 silly currentTree +-- optimist@0.3.7
94 silly currentTree +-- os-homedir@1.0.2
94 silly currentTree +-- os-tmpdir@1.0.2
94 silly currentTree +-- osenv@0.1.4
94 silly currentTree +-- package-json@1.2.0
94 silly currentTree +-- parse-glob@3.0.4
94 silly currentTree +-- parseurl@1.3.1
94 silly currentTree +-- passport-http@0.3.0
94 silly currentTree +-- passport-local@1.0.0
94 silly currentTree +-- passport-strategy@1.0.0
94 silly currentTree +-- passport@0.3.2
94 silly currentTree +-- path-is-absolute@1.0.1
94 silly currentTree +-- path-to-regexp@0.1.7
94 silly currentTree +-- path@0.12.7
94 silly currentTree +-- pause-stream@0.0.11
94 silly currentTree +-- pause@0.0.1
94 silly currentTree +-- performance-now@0.2.0
94 silly currentTree +-- pinkie-promise@2.0.1
94 silly currentTree +-- pinkie@2.0.4
94 silly currentTree +-- pop-iterate@1.0.1
94 silly currentTree +-- prepend-http@1.0.4
94 silly currentTree +-- preserve@0.2.0
94 silly currentTree +-- process-nextick-args@1.0.7
94 silly currentTree +-- process@0.11.10
94 silly currentTree +-- promise@6.1.0
94 silly currentTree +-- proxy-addr@1.1.4
94 silly currentTree +-- ps-tree@1.1.0
94 silly currentTree +-- punycode@1.4.1
94 silly currentTree +-- q@2.0.3
94 silly currentTree | `-- asap@2.0.6
94 silly currentTree +-- qs@6.4.0
94 silly currentTree +-- random-bytes@1.0.0
94 silly currentTree +-- randomatic@1.1.6
94 silly currentTree +-- range-parser@1.2.0
94 silly currentTree +-- raw-body@2.2.0
94 silly currentTree +-- rc@1.2.1
94 silly currentTree | `-- minimist@1.2.0
94 silly currentTree +-- read-all-stream@3.1.0
94 silly currentTree +-- readable-stream@2.2.9
94 silly currentTree +-- readdirp@2.1.0
94 silly currentTree +-- regex-cache@0.4.3
94 silly currentTree +-- regexp-clone@0.0.1
94 silly currentTree +-- registry-url@3.1.0
94 silly currentTree +-- remove-trailing-separator@1.0.1
94 silly currentTree +-- repeat-element@1.1.2
94 silly currentTree +-- repeat-string@1.6.1
94 silly currentTree +-- repeating@1.1.3
94 silly currentTree +-- request@2.81.0
94 silly currentTree | `-- uuid@3.1.0
94 silly currentTree +-- require_optional@1.0.0
94 silly currentTree +-- resolve-from@2.0.0
94 silly currentTree +-- right-align@0.1.3
94 silly currentTree +-- rootpath@0.1.2
94 silly currentTree +-- safe-buffer@5.0.1
94 silly currentTree +-- sax@0.5.8
94 silly currentTree +-- scmp@0.0.3
94 silly currentTree +-- semver-diff@2.1.0
94 silly currentTree +-- semver@5.3.0
94 silly currentTree +-- send@0.15.3
94 silly currentTree +-- serve-static@1.12.3
94 silly currentTree +-- set-immediate-shim@1.0.1
94 silly currentTree +-- setprototypeof@1.0.3
94 silly currentTree +-- sigmund@1.0.1
94 silly currentTree +-- sliced@1.0.1
94 silly currentTree +-- slide@1.1.6
94 silly currentTree +-- sntp@1.0.9
94 silly currentTree +-- source-map@0.4.4
94 silly currentTree +-- split@0.3.3
94 silly currentTree +-- sqlstring@2.2.0
94 silly currentTree +-- sshpk@1.13.1
94 silly currentTree | `-- assert-plus@1.0.0
94 silly currentTree +-- statuses@1.3.1
94 silly currentTree +-- stream-combiner@0.0.4
94 silly currentTree +-- stream-shift@1.0.0
94 silly currentTree +-- string_decoder@1.0.1
94 silly currentTree +-- string-length@1.0.1
94 silly currentTree +-- stringstream@0.0.5
94 silly currentTree +-- strip-ansi@3.0.1
94 silly currentTree +-- strip-json-comments@2.0.1
94 silly currentTree +-- stylus@0.54.5
94 silly currentTree | +-- css-parse@1.7.0
94 silly currentTree | `-- source-map@0.1.43
94 silly currentTree +-- supports-color@2.0.0
94 silly currentTree +-- through@2.3.8
94 silly currentTree +-- timed-out@2.0.0
94 silly currentTree +-- topo@1.1.0
94 silly currentTree +-- touch@1.0.0
94 silly currentTree +-- tough-cookie@2.3.2
94 silly currentTree +-- transformers@2.1.0
94 silly currentTree | +-- is-promise@1.0.1
94 silly currentTree | +-- promise@2.0.0
94 silly currentTree | +-- source-map@0.1.43
94 silly currentTree | `-- uglify-js@2.2.5
94 silly currentTree +-- tunnel-agent@0.6.0
94 silly currentTree +-- tweetnacl@0.14.5
94 silly currentTree +-- twilio@3.5.0
94 silly currentTree | `-- lodash@4.0.0
94 silly currentTree +-- type-is@1.6.15
94 silly currentTree +-- uglify-js@2.8.27
94 silly currentTree | `-- source-map@0.5.6
94 silly currentTree +-- uglify-to-browserify@1.0.2
94 silly currentTree +-- uid-safe@2.1.4
94 silly currentTree +-- undefsafe@0.0.3
94 silly currentTree +-- unpipe@1.0.0
94 silly currentTree +-- update-notifier@0.5.0
94 silly currentTree +-- util-deprecate@1.0.2
94 silly currentTree +-- util@0.10.3
94 silly currentTree | `-- inherits@2.0.1
94 silly currentTree +-- utils-merge@1.0.0
94 silly currentTree +-- uuid@2.0.3
94 silly currentTree +-- validator@6.2.1
94 silly currentTree +-- vary@1.1.1
94 silly currentTree +-- verror@1.3.6
94 silly currentTree +-- void-elements@2.0.1
94 silly currentTree +-- weak-map@1.0.5
94 silly currentTree +-- window-size@0.1.0
94 silly currentTree +-- with@4.0.3
94 silly currentTree | `-- acorn@1.2.2
94 silly currentTree +-- wordwrap@0.0.3
94 silly currentTree +-- wrappy@1.0.2
94 silly currentTree +-- write-file-atomic@1.3.4
94 silly currentTree +-- xdg-basedir@2.0.0
94 silly currentTree +-- xmlbuilder@9.0.1
94 silly currentTree +-- xoauth2@1.2.0
94 silly currentTree +-- xtend@4.0.1
94 silly currentTree `-- yargs@3.10.0
95 silly idealTree Manubolu Hospitals
95 silly idealTree +-- @types/bluebird@3.0.37
95 silly idealTree +-- @types/express-serve-static-core@4.0.45
95 silly idealTree +-- @types/express@4.0.35
95 silly idealTree +-- @types/mime@0.0.29
95 silly idealTree +-- @types/node@7.0.22
95 silly idealTree +-- @types/serve-static@1.7.31
95 silly idealTree +-- abbrev@1.1.0
95 silly idealTree +-- accepts@1.3.3
95 silly idealTree +-- acorn-globals@1.0.9
95 silly idealTree +-- acorn@2.7.0
95 silly idealTree +-- ajv@4.11.8
95 silly idealTree +-- align-text@0.1.4
95 silly idealTree +-- amdefine@1.0.1
95 silly idealTree +-- ansi-regex@2.1.1
95 silly idealTree +-- ansi-styles@2.2.1
95 silly idealTree +-- anymatch@1.3.0
95 silly idealTree +-- arr-diff@2.0.0
95 silly idealTree +-- arr-flatten@1.0.3
95 silly idealTree +-- array-flatten@1.1.1
95 silly idealTree +-- array-unique@0.2.1
95 silly idealTree +-- arrify@1.0.1
95 silly idealTree +-- asap@1.0.0
95 silly idealTree +-- asn1@0.2.3
95 silly idealTree +-- assert-plus@0.2.0
95 silly idealTree +-- assert@1.4.1
95 silly idealTree +-- async-each@1.0.1
95 silly idealTree +-- async@2.1.4
95 silly idealTree +-- asynckit@0.4.0
95 silly idealTree +-- aws-sign2@0.6.0
95 silly idealTree +-- aws4@1.6.0
95 silly idealTree +-- balanced-match@0.4.2
95 silly idealTree +-- base64url@2.0.0
95 silly idealTree +-- bcrypt-pbkdf@1.0.1
95 silly idealTree +-- bignumber.js@3.1.2
95 silly idealTree +-- binary-extensions@1.8.0
95 silly idealTree +-- bluebird@2.10.2
95 silly idealTree +-- body-parser@1.17.2
95 silly idealTree +-- boom@2.10.1
95 silly idealTree +-- brace-expansion@1.1.7
95 silly idealTree +-- braces@1.8.5
95 silly idealTree +-- bson@1.0.4
95 silly idealTree +-- buffer-equal-constant-time@1.0.1
95 silly idealTree +-- buffer-shims@1.0.0
95 silly idealTree +-- bytes@2.4.0
95 silly idealTree +-- camelcase@1.2.1
95 silly idealTree +-- caseless@0.12.0
95 silly idealTree +-- center-align@0.1.3
95 silly idealTree +-- chalk@1.1.3
95 silly idealTree +-- character-parser@1.2.1
95 silly idealTree +-- chokidar@1.7.0
95 silly idealTree +-- clean-css@3.4.26
95 silly idealTree | `-- commander@2.8.1
95 silly idealTree +-- cliui@2.1.0
95 silly idealTree | `-- wordwrap@0.0.2
95 silly idealTree +-- co@4.6.0
95 silly idealTree +-- combined-stream@1.0.5
95 silly idealTree +-- commander@2.6.0
95 silly idealTree +-- concat-map@0.0.1
95 silly idealTree +-- configstore@1.4.0
95 silly idealTree +-- connect-flash@0.1.1
95 silly idealTree +-- constantinople@3.0.2
95 silly idealTree +-- content-disposition@0.5.2
95 silly idealTree +-- content-type@1.0.2
95 silly idealTree +-- cookie-parser@1.4.3
95 silly idealTree +-- cookie-signature@1.0.6
95 silly idealTree +-- cookie@0.3.1
95 silly idealTree +-- core-util-is@1.0.2
95 silly idealTree +-- crc@3.4.4
95 silly idealTree +-- cryptiles@2.0.5
95 silly idealTree +-- css-parse@1.0.4
95 silly idealTree +-- css-stringify@1.0.5
95 silly idealTree +-- css@1.0.8
95 silly idealTree +-- dashdash@1.14.1
95 silly idealTree | `-- assert-plus@1.0.0
95 silly idealTree +-- debug@2.6.7
95 silly idealTree +-- decamelize@1.2.0
95 silly idealTree +-- deep-extend@0.4.2
95 silly idealTree +-- delayed-stream@1.0.0
95 silly idealTree +-- depd@1.1.0
95 silly idealTree +-- deprecate@1.0.0
95 silly idealTree +-- destroy@1.0.4
95 silly idealTree +-- duplexer@0.1.1
95 silly idealTree +-- duplexify@3.5.0
95 silly idealTree +-- ecc-jsbn@0.1.1
95 silly idealTree +-- ecdsa-sig-formatter@1.0.9
95 silly idealTree +-- ee-first@1.1.1
95 silly idealTree +-- ejs@2.5.6
95 silly idealTree +-- encodeurl@1.0.1
95 silly idealTree +-- end-of-stream@1.0.0
95 silly idealTree | `-- once@1.3.3
95 silly idealTree +-- es6-promise@3.3.1
95 silly idealTree +-- escape-html@1.0.3
95 silly idealTree +-- escape-string-regexp@1.0.5
95 silly idealTree +-- etag@1.8.0
95 silly idealTree +-- event-stream@3.3.4
95 silly idealTree +-- expand-brackets@0.1.5
95 silly idealTree +-- expand-range@1.8.2
95 silly idealTree +-- express-session@1.15.3
95 silly idealTree +-- express-stylus@0.1.0
95 silly idealTree | +-- css-parse@1.7.0
95 silly idealTree | +-- glob@3.2.11
95 silly idealTree | +-- minimatch@0.3.0
95 silly idealTree | +-- source-map@0.1.43
95 silly idealTree | `-- stylus@0.52.4
95 silly idealTree +-- express-validator@3.2.0
95 silly idealTree | `-- bluebird@3.5.0
95 silly idealTree +-- express@4.15.3
95 silly idealTree +-- extend@3.0.1
95 silly idealTree +-- extglob@0.3.2
95 silly idealTree +-- extsprintf@1.0.2
95 silly idealTree +-- filename-regex@2.0.1
95 silly idealTree +-- fill-range@2.2.3
95 silly idealTree +-- finalhandler@1.0.3
95 silly idealTree +-- for-in@1.0.2
95 silly idealTree +-- for-own@0.1.5
95 silly idealTree +-- forever-agent@0.6.1
95 silly idealTree +-- form-data@2.1.4
95 silly idealTree +-- forwarded@0.1.0
95 silly idealTree +-- fresh@0.5.0
95 silly idealTree +-- from@0.1.7
95 silly idealTree +-- fs.realpath@1.0.0
95 silly idealTree +-- getpass@0.1.7
95 silly idealTree | `-- assert-plus@1.0.0
95 silly idealTree +-- glob-base@0.3.0
95 silly idealTree +-- glob-parent@2.0.0
95 silly idealTree +-- glob@7.0.6
95 silly idealTree +-- got@3.3.1
95 silly idealTree | `-- object-assign@3.0.0
95 silly idealTree +-- graceful-fs@4.1.11
95 silly idealTree +-- graceful-readlink@1.0.1
95 silly idealTree +-- har-schema@1.0.5
95 silly idealTree +-- har-validator@4.2.1
95 silly idealTree +-- has-ansi@2.0.0
95 silly idealTree +-- hawk@3.1.3
95 silly idealTree +-- hoek@2.16.3
95 silly idealTree +-- hooks-fixed@2.0.0
95 silly idealTree +-- http-errors@1.6.1
95 silly idealTree +-- http-signature@1.1.1
95 silly idealTree +-- http@0.0.0
95 silly idealTree +-- iconv-lite@0.4.15
95 silly idealTree +-- ignore-by-default@1.0.1
95 silly idealTree +-- imurmurhash@0.1.4
95 silly idealTree +-- infinity-agent@2.0.3
95 silly idealTree +-- inflight@1.0.6
95 silly idealTree +-- inherits@2.0.3
95 silly idealTree +-- ini@1.3.4
95 silly idealTree +-- ipaddr.js@1.3.0
95 silly idealTree +-- is-binary-path@1.0.1
95 silly idealTree +-- is-buffer@1.1.5
95 silly idealTree +-- is-dotfile@1.0.2
95 silly idealTree +-- is-equal-shallow@0.1.3
95 silly idealTree +-- is-extendable@0.1.1
95 silly idealTree +-- is-extglob@1.0.0
95 silly idealTree +-- is-finite@1.0.2
95 silly idealTree +-- is-glob@2.0.1
95 silly idealTree +-- is-npm@1.0.0
95 silly idealTree +-- is-number@2.1.0
95 silly idealTree +-- is-posix-bracket@0.1.1
95 silly idealTree +-- is-primitive@2.0.0
95 silly idealTree +-- is-promise@2.1.0
95 silly idealTree +-- is-redirect@1.0.0
95 silly idealTree +-- is-stream@1.1.0
95 silly idealTree +-- is-typedarray@1.0.0
95 silly idealTree +-- isarray@1.0.0
95 silly idealTree +-- isemail@1.2.0
95 silly idealTree +-- isobject@2.1.0
95 silly idealTree +-- isstream@0.1.2
95 silly idealTree +-- jade@1.11.0
95 silly idealTree +-- joi@6.10.1
95 silly idealTree +-- jsbn@0.1.1
95 silly idealTree +-- json-schema@0.2.3
95 silly idealTree +-- json-stable-stringify@1.0.1
95 silly idealTree +-- json-stringify-safe@5.0.1
95 silly idealTree +-- jsonify@0.0.0
95 silly idealTree +-- jsonwebtoken@7.4.1
95 silly idealTree +-- jsprim@1.4.0
95 silly idealTree | `-- assert-plus@1.0.0
95 silly idealTree +-- jstransformer@0.0.2
95 silly idealTree +-- jwa@1.1.5
95 silly idealTree +-- jws@3.1.4
95 silly idealTree +-- kareem@1.4.1
95 silly idealTree +-- kind-of@3.2.2
95 silly idealTree +-- latest-version@1.0.1
95 silly idealTree +-- lazy-cache@1.0.4
95 silly idealTree +-- lodash._baseassign@3.2.0
95 silly idealTree +-- lodash._basecopy@3.0.1
95 silly idealTree +-- lodash._bindcallback@3.0.1
95 silly idealTree +-- lodash._createassigner@3.1.1
95 silly idealTree +-- lodash._getnative@3.9.1
95 silly idealTree +-- lodash._isiterateecall@3.0.9
95 silly idealTree +-- lodash.assign@3.2.0
95 silly idealTree +-- lodash.defaults@3.1.2
95 silly idealTree +-- lodash.isarguments@3.1.0
95 silly idealTree +-- lodash.isarray@3.0.4
95 silly idealTree +-- lodash.keys@3.1.2
95 silly idealTree +-- lodash.once@4.1.1
95 silly idealTree +-- lodash.restparam@3.6.1
95 silly idealTree +-- lodash@4.17.4
95 silly idealTree +-- longest@1.0.1
95 silly idealTree +-- lowercase-keys@1.0.0
95 silly idealTree +-- lru-cache@2.7.3
95 silly idealTree +-- map-stream@0.1.0
95 silly idealTree +-- media-typer@0.3.0
95 silly idealTree +-- merge-descriptors@1.0.1
95 silly idealTree +-- methods@1.1.2
95 silly idealTree +-- micromatch@2.3.11
95 silly idealTree +-- mime-db@1.27.0
95 silly idealTree +-- mime-types@2.1.15
95 silly idealTree +-- mime@1.3.4
95 silly idealTree +-- minimatch@3.0.4
95 silly idealTree +-- minimist@0.0.8
95 silly idealTree +-- mkdirp@0.5.1
95 silly idealTree +-- moment@2.18.1
95 silly idealTree +-- mongodb-core@2.1.11
95 silly idealTree +-- mongodb@2.2.27
95 silly idealTree | +-- es6-promise@3.2.1
95 silly idealTree | `-- readable-stream@2.2.7
95 silly idealTree +-- mongoose@4.10.2
95 silly idealTree | +-- es6-promise@3.2.1
95 silly idealTree | +-- mongodb-core@2.1.10
95 silly idealTree | +-- mongodb@2.2.26
95 silly idealTree | `-- readable-stream@2.2.7
95 silly idealTree +-- mpath@0.2.1
95 silly idealTree +-- mpromise@0.5.5
95 silly idealTree +-- mquery@2.3.1
95 silly idealTree | +-- debug@2.6.8
95 silly idealTree | `-- sliced@0.0.5
95 silly idealTree +-- ms@2.0.0
95 silly idealTree +-- muri@1.2.1
95 silly idealTree +-- mysql@2.13.0
95 silly idealTree | +-- isarray@0.0.1
95 silly idealTree | +-- readable-stream@1.1.14
95 silly idealTree | `-- string_decoder@0.10.31
95 silly idealTree +-- negotiator@0.6.1
95 silly idealTree +-- nested-error-stacks@1.0.2
95 silly idealTree +-- nib@1.1.2
95 silly idealTree +-- nid@0.3.2
95 silly idealTree +-- nodemailer@4.0.1
95 silly idealTree +-- nodemon@1.11.0
95 silly idealTree +-- nopt@1.0.10
95 silly idealTree +-- normalize-path@2.1.1
95 silly idealTree +-- number-is-nan@1.0.1
95 silly idealTree +-- oauth-sign@0.8.2
95 silly idealTree +-- object-assign@4.1.1
95 silly idealTree +-- object.omit@2.0.1
95 silly idealTree +-- on-finished@2.3.0
95 silly idealTree +-- on-headers@1.0.1
95 silly idealTree +-- once@1.4.0
95 silly idealTree +-- optimist@0.3.7
95 silly idealTree +-- oracle@0.4.1
95 silly idealTree +-- os-homedir@1.0.2
95 silly idealTree +-- os-tmpdir@1.0.2
95 silly idealTree +-- osenv@0.1.4
95 silly idealTree +-- package-json@1.2.0
95 silly idealTree +-- parse-glob@3.0.4
95 silly idealTree +-- parseurl@1.3.1
95 silly idealTree +-- passport-http@0.3.0
95 silly idealTree +-- passport-local@1.0.0
95 silly idealTree +-- passport-strategy@1.0.0
95 silly idealTree +-- passport@0.3.2
95 silly idealTree +-- path-is-absolute@1.0.1
95 silly idealTree +-- path-to-regexp@0.1.7
95 silly idealTree +-- path@0.12.7
95 silly idealTree +-- pause-stream@0.0.11
95 silly idealTree +-- pause@0.0.1
95 silly idealTree +-- performance-now@0.2.0
95 silly idealTree +-- pinkie-promise@2.0.1
95 silly idealTree +-- pinkie@2.0.4
95 silly idealTree +-- pop-iterate@1.0.1
95 silly idealTree +-- prepend-http@1.0.4
95 silly idealTree +-- preserve@0.2.0
95 silly idealTree +-- process-nextick-args@1.0.7
95 silly idealTree +-- process@0.11.10
95 silly idealTree +-- promise@6.1.0
95 silly idealTree +-- proxy-addr@1.1.4
95 silly idealTree +-- ps-tree@1.1.0
95 silly idealTree +-- punycode@1.4.1
95 silly idealTree +-- q@2.0.3
95 silly idealTree | `-- asap@2.0.6
95 silly idealTree +-- qs@6.4.0
95 silly idealTree +-- random-bytes@1.0.0
95 silly idealTree +-- randomatic@1.1.6
95 silly idealTree +-- range-parser@1.2.0
95 silly idealTree +-- raw-body@2.2.0
95 silly idealTree +-- rc@1.2.1
95 silly idealTree | `-- minimist@1.2.0
95 silly idealTree +-- read-all-stream@3.1.0
95 silly idealTree +-- readable-stream@2.2.9
95 silly idealTree +-- readdirp@2.1.0
95 silly idealTree +-- regex-cache@0.4.3
95 silly idealTree +-- regexp-clone@0.0.1
95 silly idealTree +-- registry-url@3.1.0
95 silly idealTree +-- remove-trailing-separator@1.0.1
95 silly idealTree +-- repeat-element@1.1.2
95 silly idealTree +-- repeat-string@1.6.1
95 silly idealTree +-- repeating@1.1.3
95 silly idealTree +-- request@2.81.0
95 silly idealTree | `-- uuid@3.1.0
95 silly idealTree +-- require_optional@1.0.0
95 silly idealTree +-- resolve-from@2.0.0
95 silly idealTree +-- right-align@0.1.3
95 silly idealTree +-- rootpath@0.1.2
95 silly idealTree +-- safe-buffer@5.0.1
95 silly idealTree +-- sax@0.5.8
95 silly idealTree +-- scmp@0.0.3
95 silly idealTree +-- semver-diff@2.1.0
95 silly idealTree +-- semver@5.3.0
95 silly idealTree +-- send@0.15.3
95 silly idealTree +-- serve-static@1.12.3
95 silly idealTree +-- set-immediate-shim@1.0.1
95 silly idealTree +-- setprototypeof@1.0.3
95 silly idealTree +-- sigmund@1.0.1
95 silly idealTree +-- sliced@1.0.1
95 silly idealTree +-- slide@1.1.6
95 silly idealTree +-- sntp@1.0.9
95 silly idealTree +-- source-map@0.4.4
95 silly idealTree +-- split@0.3.3
95 silly idealTree +-- sqlstring@2.2.0
95 silly idealTree +-- sshpk@1.13.1
95 silly idealTree | `-- assert-plus@1.0.0
95 silly idealTree +-- statuses@1.3.1
95 silly idealTree +-- stream-combiner@0.0.4
95 silly idealTree +-- stream-shift@1.0.0
95 silly idealTree +-- string_decoder@1.0.1
95 silly idealTree +-- string-length@1.0.1
95 silly idealTree +-- stringstream@0.0.5
95 silly idealTree +-- strip-ansi@3.0.1
95 silly idealTree +-- strip-json-comments@2.0.1
95 silly idealTree +-- stylus@0.54.5
95 silly idealTree | +-- css-parse@1.7.0
95 silly idealTree | `-- source-map@0.1.43
95 silly idealTree +-- supports-color@2.0.0
95 silly idealTree +-- through@2.3.8
95 silly idealTree +-- timed-out@2.0.0
95 silly idealTree +-- topo@1.1.0
95 silly idealTree +-- touch@1.0.0
95 silly idealTree +-- tough-cookie@2.3.2
95 silly idealTree +-- transformers@2.1.0
95 silly idealTree | +-- is-promise@1.0.1
95 silly idealTree | +-- promise@2.0.0
95 silly idealTree | +-- source-map@0.1.43
95 silly idealTree | `-- uglify-js@2.2.5
95 silly idealTree +-- tunnel-agent@0.6.0
95 silly idealTree +-- tweetnacl@0.14.5
95 silly idealTree +-- twilio@3.5.0
95 silly idealTree | `-- lodash@4.0.0
95 silly idealTree +-- type-is@1.6.15
95 silly idealTree +-- uglify-js@2.8.27
95 silly idealTree | `-- source-map@0.5.6
95 silly idealTree +-- uglify-to-browserify@1.0.2
95 silly idealTree +-- uid-safe@2.1.4
95 silly idealTree +-- undefsafe@0.0.3
95 silly idealTree +-- unpipe@1.0.0
95 silly idealTree +-- update-notifier@0.5.0
95 silly idealTree +-- util-deprecate@1.0.2
95 silly idealTree +-- util@0.10.3
95 silly idealTree | `-- inherits@2.0.1
95 silly idealTree +-- utils-merge@1.0.0
95 silly idealTree +-- uuid@2.0.3
95 silly idealTree +-- validator@6.2.1
95 silly idealTree +-- vary@1.1.1
95 silly idealTree +-- verror@1.3.6
95 silly idealTree +-- void-elements@2.0.1
95 silly idealTree +-- weak-map@1.0.5
95 silly idealTree +-- window-size@0.1.0
95 silly idealTree +-- with@4.0.3
95 silly idealTree | `-- acorn@1.2.2
95 silly idealTree +-- wordwrap@0.0.3
95 silly idealTree +-- wrappy@1.0.2
95 silly idealTree +-- write-file-atomic@1.3.4
95 silly idealTree +-- xdg-basedir@2.0.0
95 silly idealTree +-- xmlbuilder@9.0.1
95 silly idealTree +-- xoauth2@1.2.0
95 silly idealTree +-- xtend@4.0.1
95 silly idealTree `-- yargs@3.10.0
96 silly generateActionsToTake Starting
97 silly install generateActionsToTake
98 silly generateActionsToTake Finishing
99 silly diffTrees action count 1
100 silly diffTrees add oracle@0.4.1
101 silly decomposeActions action count 8
102 silly decomposeActions fetch oracle@0.4.1
103 silly decomposeActions extract oracle@0.4.1
104 silly decomposeActions test oracle@0.4.1
105 silly decomposeActions preinstall oracle@0.4.1
106 silly decomposeActions build oracle@0.4.1
107 silly decomposeActions install oracle@0.4.1
108 silly decomposeActions postinstall oracle@0.4.1
109 silly decomposeActions finalize oracle@0.4.1
110 silly runTopLevelLifecycles Starting
111 silly executeActions Starting
112 silly install executeActions
113 silly doSerial global-install 0
114 silly doParallel fetch 1
115 verbose correctMkdir C:\Users\VINODH\AppData\Roaming\npm-cache\_locks correctMkdir not in flight; initializing
116 verbose lock using C:\Users\VINODH\AppData\Roaming\npm-cache\_locks\staging-f2b1cd02ad817a25.lock for C:\Users\VINODH\Desktop\Manubolu Hospitals\node_modules\.staging
117 silly doParallel extract 1
118 silly extract oracle@0.4.1
119 verbose unbuild node_modules\.staging\oracle-62ff67d4
120 silly gentlyRm C:\Users\VINODH\Desktop\Manubolu Hospitals\node_modules\.staging\oracle-62ff67d4 is being purged from base C:\Users\VINODH\Desktop\Manubolu Hospitals
121 verbose gentlyRm don't care about contents; nuking C:\Users\VINODH\Desktop\Manubolu Hospitals\node_modules\.staging\oracle-62ff67d4
122 verbose tar unpack C:\Users\VINODH\AppData\Roaming\npm-cache\oracle\0.4.1\package.tgz
123 verbose tar unpacking to C:\Users\VINODH\Desktop\Manubolu Hospitals\node_modules\.staging\oracle-62ff67d4
124 silly gentlyRm C:\Users\VINODH\Desktop\Manubolu Hospitals\node_modules\.staging\oracle-62ff67d4 is being purged
125 verbose gentlyRm don't care about contents; nuking C:\Users\VINODH\Desktop\Manubolu Hospitals\node_modules\.staging\oracle-62ff67d4
126 silly gunzTarPerm modes [ '777', '666' ]
127 silly gunzTarPerm extractEntry package.json
128 silly gunzTarPerm modified mode [ 'package.json', 420, 438 ]
129 silly gunzTarPerm extractEntry README.md
130 silly gunzTarPerm modified mode [ 'README.md', 420, 438 ]
131 silly gunzTarPerm extractEntry LICENSE
132 silly gunzTarPerm modified mode [ 'LICENSE', 420, 438 ]
133 silly gunzTarPerm extractEntry index.js
134 silly gunzTarPerm modified mode [ 'index.js', 420, 438 ]
135 silly gunzTarPerm extractEntry binding.gyp
136 silly gunzTarPerm modified mode [ 'binding.gyp', 420, 438 ]
137 silly gentlyRm C:\Users\VINODH\Desktop\Manubolu Hospitals\node_modules\.staging\oracle-62ff67d4\node_modules is being purged
138 verbose gentlyRm don't care about contents; nuking C:\Users\VINODH\Desktop\Manubolu Hospitals\node_modules\.staging\oracle-62ff67d4\node_modules
139 silly doParallel preinstall 1
140 silly preinstall oracle@0.4.1
141 info lifecycle oracle@0.4.1~preinstall: oracle@0.4.1
142 silly lifecycle oracle@0.4.1~preinstall: no script for preinstall, continuing
143 silly doReverseSerial remove 0
144 silly doSerial move 0
145 silly doSerial finalize 1
146 silly finalize C:\Users\VINODH\Desktop\Manubolu Hospitals\node_modules\oracle
147 silly doSerial build 1
148 silly build oracle@0.4.1
149 info linkStuff oracle@0.4.1
150 silly linkStuff oracle@0.4.1 has C:\Users\VINODH\Desktop\Manubolu Hospitals\node_modules as its parent node_modules
151 verbose linkBins oracle@0.4.1
152 verbose linkMans oracle@0.4.1
153 silly doSerial global-link 0
154 silly doParallel update-linked 0
155 silly doSerial install 1
156 silly install oracle@0.4.1
157 info lifecycle oracle@0.4.1~install: oracle@0.4.1
158 verbose lifecycle oracle@0.4.1~install: unsafe-perm in lifecycle true
159 verbose lifecycle oracle@0.4.1~install: PATH: C:\Users\VINODH\AppData\Roaming\npm\node_modules\npm\bin\node-gyp-bin;C:\Users\VINODH\Desktop\Manubolu Hospitals\node_modules\oracle\node_modules\.bin;C:\Users\VINODH\Desktop\Manubolu Hospitals\node_modules\.bin;C:\ProgramData\Oracle\Java\javapath;F:\Program Files (x86)\nodejs;F:\Program Files\Java\jdk1.8.0_66\bin;C:\WINDOWS\System32;C:\WINDOWS;C:\WINDOWS\System32\wbem;C:\WINDOWS\System32\WindowsPowerShell\v1.0\;F:\Program Files\nodejs;D:\JavaTools\apache-tomcat-9.0.0.M19\bin;C:\Program Files (x86)\Skype\Phone\;C:\Program Files\Microsoft SQL Server\130\Tools\Binn\;f:\Program Files\ValidatorBuddy;C:\Users\VINODH\AppData\Local\Microsoft\WindowsApps;C:\Users\VINODH\AppData\Roaming\npm;C:\Program Files\MongoDB\Server\3.4\bin.;f:\Program Files (x86)\Microsoft VS Code\bin;
160 verbose lifecycle oracle@0.4.1~install: CWD: C:\Users\VINODH\Desktop\Manubolu Hospitals\node_modules\oracle
161 silly lifecycle oracle@0.4.1~install: Args: [ '/d /s /c', 'node-gyp rebuild' ]
162 silly lifecycle oracle@0.4.1~install: Returned: code: 1  signal: null
163 info lifecycle oracle@0.4.1~install: Failed to exec install script
164 verbose unlock done using C:\Users\VINODH\AppData\Roaming\npm-cache\_locks\staging-f2b1cd02ad817a25.lock for C:\Users\VINODH\Desktop\Manubolu Hospitals\node_modules\.staging
165 silly rollbackFailedOptional Starting
166 silly gentlyRm C:\Users\VINODH\Desktop\Manubolu Hospitals\node_modules\oracle is being purged from base C:\Users\VINODH\Desktop\Manubolu Hospitals
167 verbose gentlyRm don't care about contents; nuking C:\Users\VINODH\Desktop\Manubolu Hospitals\node_modules\oracle
168 silly gentlyRm C:\Users\VINODH\Desktop\Manubolu Hospitals\node_modules\oracle is being purged from base C:\Users\VINODH\Desktop\Manubolu Hospitals
169 verbose gentlyRm don't care about contents; nuking C:\Users\VINODH\Desktop\Manubolu Hospitals\node_modules\oracle
170 silly gentlyRm C:\Users\VINODH\Desktop\Manubolu Hospitals\node_modules\oracle is being purged from base C:\Users\VINODH\Desktop\Manubolu Hospitals
171 verbose gentlyRm don't care about contents; nuking C:\Users\VINODH\Desktop\Manubolu Hospitals\node_modules\oracle
172 silly gentlyRm C:\Users\VINODH\Desktop\Manubolu Hospitals\node_modules\oracle is being purged from base C:\Users\VINODH\Desktop\Manubolu Hospitals
173 verbose gentlyRm don't care about contents; nuking C:\Users\VINODH\Desktop\Manubolu Hospitals\node_modules\oracle
174 silly gentlyRm C:\Users\VINODH\Desktop\Manubolu Hospitals\node_modules\oracle is being purged from base C:\Users\VINODH\Desktop\Manubolu Hospitals
175 verbose gentlyRm don't care about contents; nuking C:\Users\VINODH\Desktop\Manubolu Hospitals\node_modules\oracle
176 silly gentlyRm C:\Users\VINODH\Desktop\Manubolu Hospitals\node_modules\oracle is being purged from base C:\Users\VINODH\Desktop\Manubolu Hospitals
177 verbose gentlyRm don't care about contents; nuking C:\Users\VINODH\Desktop\Manubolu Hospitals\node_modules\oracle
178 silly gentlyRm C:\Users\VINODH\Desktop\Manubolu Hospitals\node_modules\oracle is being purged from base C:\Users\VINODH\Desktop\Manubolu Hospitals
179 verbose gentlyRm don't care about contents; nuking C:\Users\VINODH\Desktop\Manubolu Hospitals\node_modules\oracle
180 silly gentlyRm C:\Users\VINODH\Desktop\Manubolu Hospitals\node_modules\oracle is being purged from base C:\Users\VINODH\Desktop\Manubolu Hospitals
181 verbose gentlyRm don't care about contents; nuking C:\Users\VINODH\Desktop\Manubolu Hospitals\node_modules\oracle
182 silly vacuum-fs purging C:\Users\VINODH\Desktop\Manubolu Hospitals\node_modules\oracle
183 silly vacuum-fs purging C:\Users\VINODH\Desktop\Manubolu Hospitals\node_modules\oracle
184 silly vacuum-fs purging C:\Users\VINODH\Desktop\Manubolu Hospitals\node_modules\oracle
185 silly vacuum-fs purging C:\Users\VINODH\Desktop\Manubolu Hospitals\node_modules\oracle
186 silly vacuum-fs purging C:\Users\VINODH\Desktop\Manubolu Hospitals\node_modules\oracle
187 silly vacuum-fs purging C:\Users\VINODH\Desktop\Manubolu Hospitals\node_modules\oracle
188 silly vacuum-fs purging C:\Users\VINODH\Desktop\Manubolu Hospitals\node_modules\oracle
189 silly vacuum-fs purging C:\Users\VINODH\Desktop\Manubolu Hospitals\node_modules\oracle
190 silly vacuum-fs quitting because other entries in C:\Users\VINODH\Desktop\Manubolu Hospitals\node_modules
191 silly vacuum-fs quitting because other entries in C:\Users\VINODH\Desktop\Manubolu Hospitals\node_modules
192 silly vacuum-fs quitting because other entries in C:\Users\VINODH\Desktop\Manubolu Hospitals\node_modules
193 silly vacuum-fs quitting because other entries in C:\Users\VINODH\Desktop\Manubolu Hospitals\node_modules
194 silly vacuum-fs quitting because other entries in C:\Users\VINODH\Desktop\Manubolu Hospitals\node_modules
195 silly vacuum-fs quitting because other entries in C:\Users\VINODH\Desktop\Manubolu Hospitals\node_modules
196 silly vacuum-fs quitting because other entries in C:\Users\VINODH\Desktop\Manubolu Hospitals\node_modules
197 silly vacuum-fs quitting because other entries in C:\Users\VINODH\Desktop\Manubolu Hospitals\node_modules
198 silly rollbackFailedOptional Finishing
199 silly runTopLevelLifecycles Finishing
200 silly install printInstalled
201 warn optional SKIPPING OPTIONAL DEPENDENCY: fsevents@^1.0.0 (node_modules\chokidar\node_modules\fsevents):
202 warn notsup SKIPPING OPTIONAL DEPENDENCY: Unsupported platform for fsevents@1.1.2: wanted {"os":"darwin","arch":"any"} (current: {"os":"win32","arch":"x64"})
203 verbose notsup SKIPPING OPTIONAL DEPENDENCY: Valid OS:    darwin
203 verbose notsup SKIPPING OPTIONAL DEPENDENCY: Valid Arch:  any
203 verbose notsup SKIPPING OPTIONAL DEPENDENCY: Actual OS:   win32
203 verbose notsup SKIPPING OPTIONAL DEPENDENCY: Actual Arch: x64
204 warn Invalid name: "manubolu hospitals"
205 verbose If you need help, you may report this error at:
205 verbose     <https://github.com/npm/npm/issues>
206 warn Manubolu Hospitals No description
207 verbose If you need help, you may report this error at:
207 verbose     <https://github.com/npm/npm/issues>
208 warn Manubolu Hospitals No repository field.
209 verbose If you need help, you may report this error at:
209 verbose     <https://github.com/npm/npm/issues>
210 warn Manubolu Hospitals No README data
211 verbose If you need help, you may report this error at:
211 verbose     <https://github.com/npm/npm/issues>
212 warn Manubolu Hospitals No license field.
213 verbose If you need help, you may report this error at:
213 verbose     <https://github.com/npm/npm/issues>
214 verbose stack Error: oracle@0.4.1 install: `node-gyp rebuild`
214 verbose stack Exit status 1
214 verbose stack     at EventEmitter.<anonymous> (C:\Users\VINODH\AppData\Roaming\npm\node_modules\npm\lib\utils\lifecycle.js:279:16)
214 verbose stack     at emitTwo (events.js:106:13)
214 verbose stack     at EventEmitter.emit (events.js:191:7)
214 verbose stack     at ChildProcess.<anonymous> (C:\Users\VINODH\AppData\Roaming\npm\node_modules\npm\lib\utils\spawn.js:40:14)
214 verbose stack     at emitTwo (events.js:106:13)
214 verbose stack     at ChildProcess.emit (events.js:191:7)
214 verbose stack     at maybeClose (internal/child_process.js:877:16)
214 verbose stack     at Process.ChildProcess._handle.onexit (internal/child_process.js:226:5)
215 verbose pkgid oracle@0.4.1
216 verbose cwd C:\Users\VINODH\Desktop\Manubolu Hospitals
217 error Windows_NT 10.0.15063
218 error argv "F:\\Program Files\\nodejs\\node.exe" "C:\\Users\\VINODH\\AppData\\Roaming\\npm\\node_modules\\npm\\bin\\npm-cli.js" "install" "oracle" "--save"
219 error node v6.9.3
220 error npm  v4.1.2
221 error code ELIFECYCLE
222 error oracle@0.4.1 install: `node-gyp rebuild`
222 error Exit status 1
223 error Failed at the oracle@0.4.1 install script 'node-gyp rebuild'.
223 error Make sure you have the latest version of node.js and npm installed.
223 error If you do, this is most likely a problem with the oracle package,
223 error not with npm itself.
223 error Tell the author that this fails on your system:
223 error     node-gyp rebuild
223 error You can get information on how to open an issue for this project with:
223 error     npm bugs oracle
223 error Or if that isn't available, you can get their info via:
223 error     npm owner ls oracle
223 error There is likely additional logging output above.
224 verbose exit [ 1, true ]
